{"/home/lujim/microverse/module-02/week-02/to-do/src/ToDo.js": {"path":"/home/lujim/microverse/module-02/week-02/to-do/src/ToDo.js","statementMap":{"0":{"start":{"line":3,"column":4},"end":{"line":3,"column":35}},"1":{"start":{"line":4,"column":4},"end":{"line":4,"column":27}},"2":{"start":{"line":5,"column":4},"end":{"line":5,"column":24}},"3":{"start":{"line":9,"column":0},"end":{"line":9,"column":26}}},"fnMap":{"0":{"name":"(anonymous_0)","decl":{"start":{"line":2,"column":2},"end":{"line":2,"column":3}},"loc":{"start":{"line":2,"column":35},"end":{"line":6,"column":3}},"line":2}},"branchMap":{},"s":{"0":2,"1":2,"2":2,"3":1},"f":{"0":2},"b":{},"_coverageSchema":"1a1c01bbd47fc00a2c39e90264f33305004495a9","hash":"c525cc3e3c4ff94cf6c9e756849c7ef8db89b2d7"}
,"/home/lujim/microverse/module-02/week-02/to-do/src/todoList.js": {"path":"/home/lujim/microverse/module-02/week-02/to-do/src/todoList.js","statementMap":{"0":{"start":{"line":4,"column":19},"end":{"line":4,"column":71}},"1":{"start":{"line":4,"column":25},"end":{"line":4,"column":71}},"2":{"start":{"line":7,"column":20},"end":{"line":10,"column":3}},"3":{"start":{"line":8,"column":17},"end":{"line":8,"column":74}},"4":{"start":{"line":9,"column":4},"end":{"line":9,"column":55}},"5":{"start":{"line":14,"column":17},"end":{"line":14,"column":49}},"6":{"start":{"line":15,"column":18},"end":{"line":15,"column":46}},"7":{"start":{"line":16,"column":4},"end":{"line":16,"column":34}},"8":{"start":{"line":18,"column":4},"end":{"line":20,"column":31}},"9":{"start":{"line":19,"column":6},"end":{"line":19,"column":43}},"10":{"start":{"line":20,"column":11},"end":{"line":20,"column":31}},"11":{"start":{"line":21,"column":4},"end":{"line":21,"column":333}},"12":{"start":{"line":22,"column":4},"end":{"line":22,"column":28}},"13":{"start":{"line":24,"column":4},"end":{"line":29,"column":7}},"14":{"start":{"line":25,"column":6},"end":{"line":25,"column":43}},"15":{"start":{"line":26,"column":6},"end":{"line":26,"column":25}},"16":{"start":{"line":27,"column":6},"end":{"line":27,"column":23}},"17":{"start":{"line":28,"column":6},"end":{"line":28,"column":26}},"18":{"start":{"line":31,"column":4},"end":{"line":35,"column":7}},"19":{"start":{"line":32,"column":6},"end":{"line":32,"column":43}},"20":{"start":{"line":33,"column":6},"end":{"line":33,"column":23}},"21":{"start":{"line":34,"column":6},"end":{"line":34,"column":26}},"22":{"start":{"line":39,"column":17},"end":{"line":39,"column":35}},"23":{"start":{"line":40,"column":4},"end":{"line":43,"column":7}},"24":{"start":{"line":41,"column":6},"end":{"line":41,"column":39}},"25":{"start":{"line":42,"column":6},"end":{"line":42,"column":38}},"26":{"start":{"line":46,"column":22},"end":{"line":48,"column":3}},"27":{"start":{"line":47,"column":4},"end":{"line":47,"column":53}},"28":{"start":{"line":50,"column":22},"end":{"line":61,"column":3}},"29":{"start":{"line":51,"column":4},"end":{"line":60,"column":7}},"30":{"start":{"line":52,"column":19},"end":{"line":52,"column":62}},"31":{"start":{"line":53,"column":23},"end":{"line":53,"column":48}},"32":{"start":{"line":54,"column":6},"end":{"line":54,"column":25}},"33":{"start":{"line":56,"column":19},"end":{"line":56,"column":43}},"34":{"start":{"line":57,"column":6},"end":{"line":57,"column":29}},"35":{"start":{"line":58,"column":6},"end":{"line":58,"column":30}},"36":{"start":{"line":59,"column":6},"end":{"line":59,"column":28}},"37":{"start":{"line":63,"column":22},"end":{"line":71,"column":3}},"38":{"start":{"line":64,"column":15},"end":{"line":64,"column":33}},"39":{"start":{"line":65,"column":21},"end":{"line":65,"column":34}},"40":{"start":{"line":66,"column":4},"end":{"line":66,"column":58}},"41":{"start":{"line":66,"column":33},"end":{"line":66,"column":56}},"42":{"start":{"line":67,"column":4},"end":{"line":69,"column":7}},"43":{"start":{"line":68,"column":6},"end":{"line":68,"column":38}},"44":{"start":{"line":70,"column":4},"end":{"line":70,"column":55}},"45":{"start":{"line":73,"column":26},"end":{"line":81,"column":3}},"46":{"start":{"line":74,"column":4},"end":{"line":74,"column":41}},"47":{"start":{"line":75,"column":15},"end":{"line":75,"column":33}},"48":{"start":{"line":76,"column":4},"end":{"line":76,"column":50}},"49":{"start":{"line":76,"column":33},"end":{"line":76,"column":48}},"50":{"start":{"line":77,"column":4},"end":{"line":79,"column":7}},"51":{"start":{"line":78,"column":6},"end":{"line":78,"column":38}},"52":{"start":{"line":80,"column":4},"end":{"line":80,"column":55}},"53":{"start":{"line":83,"column":20},"end":{"line":85,"column":3}},"54":{"start":{"line":84,"column":4},"end":{"line":84,"column":25}},"55":{"start":{"line":87,"column":17},"end":{"line":89,"column":3}},"56":{"start":{"line":88,"column":4},"end":{"line":88,"column":71}},"57":{"start":{"line":88,"column":59},"end":{"line":88,"column":69}},"58":{"start":{"line":91,"column":22},"end":{"line":96,"column":3}},"59":{"start":{"line":92,"column":17},"end":{"line":92,"column":35}},"60":{"start":{"line":93,"column":27},"end":{"line":93,"column":74}},"61":{"start":{"line":94,"column":4},"end":{"line":94,"column":56}},"62":{"start":{"line":95,"column":4},"end":{"line":95,"column":55}},"63":{"start":{"line":98,"column":20},"end":{"line":98,"column":30}},"64":{"start":{"line":98,"column":26},"end":{"line":98,"column":30}}},"fnMap":{"0":{"name":"(anonymous_0)","decl":{"start":{"line":4,"column":19},"end":{"line":4,"column":20}},"loc":{"start":{"line":4,"column":25},"end":{"line":4,"column":71}},"line":4},"1":{"name":"(anonymous_1)","decl":{"start":{"line":7,"column":20},"end":{"line":7,"column":21}},"loc":{"start":{"line":7,"column":30},"end":{"line":10,"column":3}},"line":7},"2":{"name":"(anonymous_2)","decl":{"start":{"line":13,"column":2},"end":{"line":13,"column":3}},"loc":{"start":{"line":13,"column":23},"end":{"line":36,"column":3}},"line":13},"3":{"name":"(anonymous_3)","decl":{"start":{"line":24,"column":77},"end":{"line":24,"column":78}},"loc":{"start":{"line":24,"column":84},"end":{"line":29,"column":5}},"line":24},"4":{"name":"(anonymous_4)","decl":{"start":{"line":31,"column":78},"end":{"line":31,"column":79}},"loc":{"start":{"line":31,"column":84},"end":{"line":35,"column":5}},"line":31},"5":{"name":"(anonymous_5)","decl":{"start":{"line":38,"column":2},"end":{"line":38,"column":3}},"loc":{"start":{"line":38,"column":20},"end":{"line":44,"column":3}},"line":38},"6":{"name":"(anonymous_6)","decl":{"start":{"line":40,"column":17},"end":{"line":40,"column":18}},"loc":{"start":{"line":40,"column":27},"end":{"line":43,"column":5}},"line":40},"7":{"name":"(anonymous_7)","decl":{"start":{"line":46,"column":22},"end":{"line":46,"column":23}},"loc":{"start":{"line":46,"column":28},"end":{"line":48,"column":3}},"line":46},"8":{"name":"(anonymous_8)","decl":{"start":{"line":50,"column":22},"end":{"line":50,"column":23}},"loc":{"start":{"line":50,"column":28},"end":{"line":61,"column":3}},"line":50},"9":{"name":"(anonymous_9)","decl":{"start":{"line":51,"column":63},"end":{"line":51,"column":64}},"loc":{"start":{"line":51,"column":70},"end":{"line":60,"column":5}},"line":51},"10":{"name":"(anonymous_10)","decl":{"start":{"line":63,"column":22},"end":{"line":63,"column":23}},"loc":{"start":{"line":63,"column":33},"end":{"line":71,"column":3}},"line":63},"11":{"name":"(anonymous_11)","decl":{"start":{"line":66,"column":23},"end":{"line":66,"column":24}},"loc":{"start":{"line":66,"column":33},"end":{"line":66,"column":56}},"line":66},"12":{"name":"(anonymous_12)","decl":{"start":{"line":67,"column":17},"end":{"line":67,"column":18}},"loc":{"start":{"line":67,"column":27},"end":{"line":69,"column":5}},"line":67},"13":{"name":"(anonymous_13)","decl":{"start":{"line":73,"column":26},"end":{"line":73,"column":27}},"loc":{"start":{"line":73,"column":32},"end":{"line":81,"column":3}},"line":73},"14":{"name":"(anonymous_14)","decl":{"start":{"line":76,"column":23},"end":{"line":76,"column":24}},"loc":{"start":{"line":76,"column":33},"end":{"line":76,"column":48}},"line":76},"15":{"name":"(anonymous_15)","decl":{"start":{"line":77,"column":17},"end":{"line":77,"column":18}},"loc":{"start":{"line":77,"column":27},"end":{"line":79,"column":5}},"line":77},"16":{"name":"(anonymous_16)","decl":{"start":{"line":83,"column":20},"end":{"line":83,"column":21}},"loc":{"start":{"line":83,"column":26},"end":{"line":85,"column":3}},"line":83},"17":{"name":"(anonymous_17)","decl":{"start":{"line":87,"column":17},"end":{"line":87,"column":18}},"loc":{"start":{"line":87,"column":23},"end":{"line":89,"column":3}},"line":87},"18":{"name":"(anonymous_18)","decl":{"start":{"line":88,"column":52},"end":{"line":88,"column":53}},"loc":{"start":{"line":88,"column":59},"end":{"line":88,"column":69}},"line":88},"19":{"name":"(anonymous_19)","decl":{"start":{"line":91,"column":22},"end":{"line":91,"column":23}},"loc":{"start":{"line":91,"column":33},"end":{"line":96,"column":3}},"line":91},"20":{"name":"(anonymous_20)","decl":{"start":{"line":98,"column":20},"end":{"line":98,"column":21}},"loc":{"start":{"line":98,"column":26},"end":{"line":98,"column":30}},"line":98}},"branchMap":{"0":{"loc":{"start":{"line":4,"column":25},"end":{"line":4,"column":71}},"type":"binary-expr","locations":[{"start":{"line":4,"column":25},"end":{"line":4,"column":65}},{"start":{"line":4,"column":69},"end":{"line":4,"column":71}}],"line":4},"1":{"loc":{"start":{"line":18,"column":4},"end":{"line":20,"column":31}},"type":"if","locations":[{"start":{"line":18,"column":4},"end":{"line":20,"column":31}},{"start":{"line":20,"column":11},"end":{"line":20,"column":31}}],"line":18}},"s":{"0":1,"1":2,"2":1,"3":1,"4":1,"5":1,"6":1,"7":1,"8":1,"9":0,"10":1,"11":1,"12":1,"13":1,"14":0,"15":0,"16":0,"17":0,"18":1,"19":0,"20":0,"21":0,"22":0,"23":0,"24":0,"25":0,"26":1,"27":0,"28":1,"29":0,"30":0,"31":0,"32":0,"33":0,"34":0,"35":0,"36":0,"37":1,"38":0,"39":0,"40":0,"41":0,"42":0,"43":0,"44":0,"45":1,"46":0,"47":0,"48":0,"49":0,"50":0,"51":0,"52":0,"53":1,"54":0,"55":1,"56":0,"57":0,"58":1,"59":0,"60":0,"61":0,"62":0,"63":1,"64":1},"f":{"0":2,"1":1,"2":1,"3":0,"4":0,"5":0,"6":0,"7":0,"8":0,"9":0,"10":0,"11":0,"12":0,"13":0,"14":0,"15":0,"16":0,"17":0,"18":0,"19":0,"20":1},"b":{"0":[2,1],"1":[0,1]},"_coverageSchema":"1a1c01bbd47fc00a2c39e90264f33305004495a9","hash":"f5b95e30b6fc338cb69f9f73a6bd0b3159e034c1"}
}
